warning: taken reference of right operand
   --> src/discovery.rs:170:39
    |
170 | ...                   .find(|p| cwd_str == &p.to_string_lossy().as_ref())
    |                                 ^^^^^^^^^^^-----------------------------
    |                                            |
    |                                            help: use the right value directly: `p.to_string_lossy().as_ref()`
    |
    = help: for further information visit https://rust-lang.github.io/rust-clippy/rust-1.94.0/index.html#op_ref
    = note: `#[warn(clippy::op_ref)]` on by default

warning: this `if` statement can be collapsed
   --> src/discovery.rs:218:17
    |
218 | /                 if record.get("customType").and_then(|v| v.as_str()) == Some("gsd-run") {
219 | |                     if let Some(t) = record
220 | |                         .get("message")
221 | |                         .and_then(|v| v.as_str())
...   |
227 | |                 }
    | |_________________^
    |
    = help: for further information visit https://rust-lang.github.io/rust-clippy/rust-1.94.0/index.html#collapsible_if
    = note: `#[warn(clippy::collapsible_if)]` on by default
help: collapse nested if block
    |
218 ~                 if record.get("customType").and_then(|v| v.as_str()) == Some("gsd-run")
--
warning: `amux` (bin "amux") generated 2 warnings (run `cargo clippy --fix --bin "amux" -p amux` to apply 2 suggestions)
    Finished `dev` profile [unoptimized + debuginfo] target(s) in 0.05s
