node:internal/modules/cjs/loader:1503
  throw err;
  ^

Error: Cannot find module '/home/huanglin/.local/share/pnpm/store/v11/links/@opengsd/gsd-pi/1.1.1/512c5e57edcd2ab5097bda0493634ea6fc5dad60b89348023c03d9e4cdefa604/node_modules/better-sqlite3/lib/index.js'
Require stack:
- /home/huanglin/code/agent-workspace-tui/[eval]
    at Module._resolveFilename (node:internal/modules/cjs/loader:1500:15)
    at wrapResolveFilename (node:internal/modules/cjs/loader:1071:27)
    at defaultResolveImplForCJSLoading (node:internal/modules/cjs/loader:1095:10)
    at resolveForCJSWithHooks (node:internal/modules/cjs/loader:1116:12)
    at Module._load (node:internal/modules/cjs/loader:1285:25)
    at wrapModuleLoad (node:internal/modules/cjs/loader:255:19)
    at Module.require (node:internal/modules/cjs/loader:1600:12)
    at require (node:internal/modules/helpers:153:16)
    at [eval]:2:18
    at runScriptInThisContext (node:internal/vm:219:10) {
  code: 'MODULE_NOT_FOUND',
  requireStack: [ '/home/huanglin/code/agent-workspace-tui/[eval]' ]
}

Node.js v24.16.0
