   Compiling libc v0.2.186
   Compiling cfg-if v1.0.4
   Compiling unicode-segmentation v1.13.2
   Compiling itoa v1.0.18
   Compiling equivalent v1.0.2
   Compiling bitflags v2.11.1
   Compiling allocator-api2 v0.2.21
   Compiling foldhash v0.2.0
   Compiling unicode-width v0.2.2
   Compiling either v1.16.0
   Compiling static_assertions v1.1.0
   Compiling thiserror v2.0.18
   Compiling ryu v1.0.23
   Compiling castaway v0.2.4
   Compiling strum v0.27.2
   Compiling powerfmt v0.2.0
   Compiling log v0.4.30
   Compiling smallvec v1.15.1
   Compiling scopeguard v1.2.0
   Compiling time-core v0.1.8
   Compiling num-conv v0.2.2
   Compiling num_threads v0.1.7
   Compiling compact_str v0.9.0
   Compiling deranged v0.5.8
   Compiling itertools v0.14.0
   Compiling line-clipping v0.3.7
   Compiling lock_api v0.4.14
   Compiling linux-raw-sys v0.12.1
   Compiling memchr v2.8.0
   Compiling arrayvec v0.7.6
   Compiling thiserror v1.0.69
   Compiling memoffset v0.6.5
   Compiling serde_core v1.0.228
   Compiling pin-utils v0.1.0
   Compiling bitflags v1.3.2
   Compiling convert_case v0.10.0
   Compiling anyhow v1.0.102
   Compiling zmij v1.0.21
   Compiling shell-words v1.1.1
   Compiling downcast-rs v1.2.1
   Compiling bytes v1.11.1
   Compiling hashbrown v0.16.1
   Compiling rustix v1.1.4
   Compiling derive_more-impl v2.1.1
   Compiling vte v0.15.0
   Compiling vt100 v0.16.2
   Compiling lru v0.16.4
   Compiling kasuari v0.4.12
   Compiling derive_more v2.1.1
   Compiling errno v0.3.14
   Compiling time v0.3.47
   Compiling mio v1.2.0
   Compiling parking_lot_core v0.9.12
   Compiling ioctl-rs v0.1.6
   Compiling serial-core v0.4.0
   Compiling termios v0.2.2
   Compiling filedescriptor v0.8.3
   Compiling nix v0.25.1
   Compiling signal-hook-registry v1.4.8
   Compiling serial-unix v0.4.0
   Compiling parking_lot v0.12.5
   Compiling serial v0.4.0
   Compiling signal-hook v0.3.18
   Compiling unicode-truncate v2.0.1
   Compiling ratatui-core v0.1.0
   Compiling signal-hook-mio v0.2.5
   Compiling crossterm v0.29.0
   Compiling serde v1.0.228
   Compiling serde_json v1.0.150
   Compiling ratatui-widgets v0.3.0
   Compiling ratatui-crossterm v0.1.0
   Compiling ratatui-macros v0.7.0
   Compiling tui-term v0.3.4
   Compiling ratatui v0.30.0
   Compiling portable-pty v0.8.1
   Compiling amux v0.2.0 (/home/huanglin/.gsd/projects/c369b600c4a1/worktrees/M001)
    Finished `test` profile [unoptimized + debuginfo] target(s) in 2.68s
     Running unittests src/main.rs (target/debug/deps/amux-131a032e3cdefe9b)

running 25 tests
test tests::clean_user_message_escapes ... ok
test tests::agent_traits ... ok
test tests::encode_project_path_relative ... ok
test tests::clean_user_message_normal ... ok
test tests::extract_text_from_array_with_non_text ... ok
test tests::encode_project_path_root ... ok
test tests::extract_text_from_string_content ... ok
test tests::gsd_directory_name_encoding ... ok
test tests::generate_id_is_unique ... ok
test tests::config_roundtrip ... ok
test tests::parse_codex_session_invalid_json ... ok
test tests::parse_gsd_session_gsd_run_takes_priority ... ok
test tests::parse_gsd_session_fallback_to_user_message ... ok
test tests::parse_gsd_session_title_truncated_to_50_chars ... FAILED
test tests::workspace_serialization_virtual ... ok
test tests::relative_time_formatting ... ok
test tests::parse_gsd_session_valid_with_gsd_run_title ... ok
test tests::clean_user_message_noise_prefix ... ok
test tests::extract_text_from_empty_array ... ok
test tests::encode_project_path_simple ... ok
test tests::parse_gsd_session_no_session_line ... ok
test tests::clean_user_message_strips_whitespace ... ok
test tests::extract_text_from_number ... ok
test tests::parse_codex_session_valid ... ok
test tests::extract_text_from_array_content ... ok

failures:

---- tests::parse_gsd_session_title_truncated_to_50_chars stdout ----

thread 'tests::parse_gsd_session_title_truncated_to_50_chars' (973889) panicked at src/main.rs:298:9:
assertion failed: result.is_some()
note: run with `RUST_BACKTRACE=1` environment variable to display a backtrace


failures:
    tests::parse_gsd_session_title_truncated_to_50_chars

test result: FAILED. 24 passed; 1 failed; 0 ignored; 0 measured; 0 filtered out; finished in 0.00s

error: test failed, to rerun pass `--bin amux`
