53:    fn new() -> Self {
100:    fn poll_states(&mut self) {
133:    fn pty_display_state(&self, pi: usize) -> PtyState {
141:    fn refresh_sessions(&mut self) {
158:    fn rebuild_tree(&mut self) {
191:    fn pty_index_for_session(&self, session_id: &str) -> Option<usize> {
197:    fn selected_node(&self) -> Option<&TreeNode> {
201:    fn move_sel(&mut self, delta: isize) {
211:    fn toggle_expand(&mut self) {
219:    fn handle_key(&mut self, key: KeyEvent) -> Result<Action> {
393:    fn handle_input_key(&mut self, key: KeyEvent) -> Result<Action> {
423:    fn handle_browse_key(&mut self, key: KeyEvent) -> Result<Action> {
447:    fn handle_agent_key(&mut self, key: KeyEvent) -> Result<Action> {
511:    fn spawn_session(&mut self, agent: Agent) -> Result<()> {
516:    fn spawn_with_agent(&mut self, agent: Agent, name: Option<String>) -> Result<()> {
585:    fn handle_paste(&mut self, text: &str) -> Result<Action> {
597:    fn confirm_input(&mut self) -> Result<()> {
677:    fn start_rename(&mut self) {
695:    fn start_new_workspace(&mut self) {
702:    fn start_browse_dir(&mut self) {
710:    fn load_browse_entries(&mut self) {
756:    fn browse_move(&mut self, delta: isize) {
766:    fn browse_select(&mut self) {
822:    fn browse_up(&mut self) {
829:    fn delete_selected(&mut self) {
869:    fn save_config(&self) {
878:    fn workspace_cwd(&self, wi: usize) -> PathBuf {
889:    fn ws_matches_path(&self, wi: usize, path: &Path) -> bool {
896:    fn activate_selection(&mut self) -> Result<()> {
916:    fn chat_size(&self) -> (u16, u16) {
925:    fn render(&mut self, frame: &mut Frame) {
948:    fn render_sidebar(&mut self, frame: &mut Frame, area: Rect) {
1106:    fn render_chat(&mut self, frame: &mut Frame, area: Rect) {
1168:    fn render_placeholder(&self) -> Vec<Line<'static>> {
1279:    fn render_input_popup(&mut self, frame: &mut Frame, area: Rect) {
1321:    fn render_agent_popup(&mut self, frame: &mut Frame, area: Rect) {
1371:    fn render_browse_popup(&mut self, frame: &mut Frame, area: Rect) {
1450:    fn render_status(&self, frame: &mut Frame, area: Rect) {
1493:pub fn run() -> anyhow::Result<()> {
---
Total lines:
1558 src/app.rs
