=== clippy ===
    Checking amux v0.2.0 (/home/huanglin/code/agent-workspace-tui)
error: taken reference of right operand
   --> src/discovery.rs:170:39
    |
170 | ...                   .find(|p| cwd_str == &p.to_string_lossy().as_ref())
    |                                 ^^^^^^^^^^^-----------------------------
    |                                            |
    |                                            help: use the right value directly: `p.to_string_lossy().as_ref()`
    |
    = help: for further information visit https://rust-lang.github.io/rust-clippy/rust-1.94.0/index.html#op_ref
    = note: `-D clippy::op-ref` implied by `-D warnings`
    = help: to override `-D warnings` add `#[allow(clippy::op_ref)]`

error: this `if` statement can be collapsed
   --> src/discovery.rs:218:17
    |
218 | /                 if record.get("customType").and_then(|v| v.as_str()) == Some("gsd-run") {
219 | |                     if let Some(t) = record
220 | |                         .get("message")
221 | |                         .and_then(|v| v.as_str())
...   |
227 | |                 }
    | |_________________^
    |
    = help: for further information visit https://rust-lang.github.io/rust-clippy/rust-1.94.0/index.html#collapsible_if
    = note: `-D clippy::collapsible-if` implied by `-D warnings`
    = help: to override `-D warnings` add `#[allow(clippy::collapsible_if)]`
help: collapse nested if block
    |
218 ~                 if record.get("customType").and_then(|v| v.as_str()) == Some("gsd-run")
219 ~                     && let Some(t) = record
220 |                         .get("message")
...
225 |                         title = Some(truncated);
226 ~                     }
    |

error: could not compile `amux` (bin "amux") due to 2 previous errors
=== fmt ===
Diff in /home/huanglin/code/agent-workspace-tui/src/app.rs:1:
 use std::{
[31m-    fs, env,
(B[m[32m+    env, fs,
(B[m     io::IsTerminal,
     path::{Path, PathBuf},
 };
Diff in /home/huanglin/code/agent-workspace-tui/src/app.rs:15:
 };
 use tui_term::widget::PseudoTerminal;
 
[31m-use crate::config::{data_dir, generate_id, save_config_file, save_session_title, title_override_path};
(B[m[32m+use crate::config::{
(B[m[32m+    data_dir, generate_id, save_config_file, save_session_title, title_override_path,
(B[m[32m+};
(B[m use crate::discovery::{discover_sessions, find_session_jsonl};
 use crate::pty::{PtyHandle, PtyState};
 use crate::types::*;
Diff in /home/huanglin/code/agent-workspace-tui/src/app.rs:263:
                 // Scrollback: Page Up/Down
                 if key.code == KeyCode::PageUp {
                     if let Some(slot) = self.ptys.get(idx) {
[31m-                        slot.handle.scroll_page_up(
(B[m[31m-                            self.last_chat_area.height.saturating_sub(2) as usize,
(B[m[31m-                        );
(B[m[32m+                        slot.handle
(B[m[32m+                            .scroll_page_up(self.last_chat_area.height.saturating_sub(2) as usize);
(B[m                     }
                     return Ok(Action::Continue);
                 }
=== test count ===
running 33 tests
test result: ok. 33 passed; 0 failed; 0 ignored; 0 measured; 0 filtered out; finished in 0.00s
