   Compiling amux v0.2.0 (/home/huanglin/.gsd/projects/c369b600c4a1/worktrees/M001)
    Finished `test` profile [unoptimized + debuginfo] target(s) in 0.27s
     Running unittests src/main.rs (target/debug/deps/amux-131a032e3cdefe9b)

running 25 tests
test tests::agent_traits ... ok
test tests::clean_user_message_escapes ... ok
test tests::clean_user_message_normal ... ok
test tests::clean_user_message_strips_whitespace ... ok
test tests::clean_user_message_noise_prefix ... ok
test tests::encode_project_path_root ... ok
test tests::encode_project_path_simple ... ok
test tests::extract_text_from_array_content ... ok
test tests::extract_text_from_array_with_non_text ... ok
test tests::extract_text_from_empty_array ... ok
test tests::config_roundtrip ... ok
test tests::extract_text_from_string_content ... ok
test tests::extract_text_from_number ... ok
test tests::gsd_directory_name_encoding ... ok
test tests::generate_id_is_unique ... ok
test tests::parse_codex_session_invalid_json ... ok
test tests::parse_gsd_session_fallback_to_user_message ... ok
test tests::parse_codex_session_valid ... ok
test tests::parse_gsd_session_gsd_run_takes_priority ... ok
test tests::relative_time_formatting ... ok
test tests::parse_gsd_session_no_session_line ... ok
test tests::encode_project_path_relative ... ok
test tests::workspace_serialization_virtual ... ok
test tests::parse_gsd_session_title_truncated_to_50_chars ... ok
test tests::parse_gsd_session_valid_with_gsd_run_title ... ok

test result: ok. 25 passed; 0 failed; 0 ignored; 0 measured; 0 filtered out; finished in 0.00s

