3:fn main() -> anyhow::Result<()> {
21:    fn encode_project_path_simple() {
29:    fn encode_project_path_root() {
34:    fn encode_project_path_relative() {
39:    fn config_roundtrip() {
72:    fn workspace_serialization_virtual() {
87:    fn clean_user_message_normal() {
92:    fn clean_user_message_escapes() {
97:    fn clean_user_message_noise_prefix() {
103:    fn clean_user_message_strips_whitespace() {
108:    fn extract_text_from_string_content() {
114:    fn extract_text_from_array_content() {
123:    fn extract_text_from_array_with_non_text() {
132:    fn extract_text_from_empty_array() {
138:    fn extract_text_from_number() {
144:    fn agent_traits() {
160:    fn relative_time_formatting() {
170:    fn generate_id_is_unique() {
180:    fn parse_codex_session_valid() {
199:    fn parse_codex_session_invalid_json() {
212:    fn parse_gsd_session_valid_with_gsd_run_title() {
231:    fn parse_gsd_session_fallback_to_user_message() {
249:    fn parse_gsd_session_gsd_run_takes_priority() {
267:    fn parse_gsd_session_no_session_line() {
311:    fn gsd_directory_name_encoding() {
319:    fn encode_decode_gsd_dir_roundtrip() {
328:    fn decode_gsd_dir_name_simple() {
335:    fn decode_gsd_dir_name_root() {
342:    fn parse_gsd_session_empty_file() {
355:    fn discover_gsd_sessions_finds_by_workspace() {
394:    fn gsd_sessions_persist_after_pty_exit() {
438:    fn gsd_build_new_cmd_no_session_name() {
447:    fn gsd_build_resume_cmd_uses_sessions() {
