test discovery::tests::extract_text_from_array_with_non_text ... ok
test discovery::tests::discover_gsd_sessions_finds_by_workspace ... ok
test config::tests::encode_project_path_simple ... ok
test discovery::tests::parse_gsd_session_empty_file ... ok
test discovery::tests::clean_user_message_escapes ... ok
test config::tests::gsd_directory_name_encoding ... ok
test discovery::tests::clean_user_message_noise_prefix ... ok
test discovery::tests::extract_text_from_empty_array ... ok
test discovery::tests::extract_text_from_number ... ok
test discovery::tests::extract_text_from_string_content ... ok
test discovery::tests::clean_user_message_strips_whitespace ... ok
test discovery::tests::clean_user_message_normal ... ok
test discovery::tests::parse_codex_session_invalid_json ... ok
test config::tests::generate_id_is_unique ... ok
test discovery::tests::parse_codex_session_valid ... ok
test types::tests::agent_traits ... ok
test discovery::tests::parse_gsd_session_gsd_run_takes_priority ... ok
test discovery::tests::parse_gsd_session_fallback_to_user_message ... ok
test types::tests::gsd_sessions_persist_after_pty_exit ... ok
test discovery::tests::parse_gsd_session_no_session_line ... ok
test discovery::tests::parse_gsd_session_title_truncated_to_50_chars ... ok
test discovery::tests::parse_gsd_session_valid_with_gsd_run_title ... ok
test types::tests::config_roundtrip ... ok
test types::tests::workspace_serialization_virtual ... ok
test util::tests::relative_time_formatting ... ok
test types::tests::gsd_build_resume_cmd_uses_sessions ... ok
test types::tests::gsd_build_new_cmd_no_session_name ... ok

test result: ok. 49 passed; 0 failed; 0 ignored; 0 measured; 0 filtered out; finished in 0.00s

