=== Quick compile check ===
    Checking amux v0.2.0 (/home/huanglin/code/agent-workspace-tui)
    Finished `dev` profile [unoptimized + debuginfo] target(s) in 0.35s

=== Test count ===

test result: ok. 0 passed; 0 failed; 0 ignored; 0 measured; 0 filtered out; finished in 0.00s


=== Key Rust constraint: can sub-modules access private struct fields? ===
App is private (struct App, not pub struct App)
Sub-modules in app/ directory are children of app module
=> app::ui, app::handler etc can access App's private fields

=== Verify: Does handler call browse methods directly? ===
431:                self.browse_select();
434:                self.browse_move(1);
437:                self.browse_move(-1);
440:                self.browse_up();
643:                    self.start_browse_dir();
702:    fn start_browse_dir(&mut self) {
705:        self.load_browse_entries();
710:    fn load_browse_entries(&mut self) {
756:    fn browse_move(&mut self, delta: isize) {
766:    fn browse_select(&mut self) {
813:                self.load_browse_entries();
817:                self.load_browse_entries();
822:    fn browse_up(&mut self) {
825:            self.load_browse_entries();

=== Verify: Does handler call session methods directly? ===
347:                self.start_rename();
355:                self.start_new_workspace();
410:                self.confirm_input()?;
455:                self.confirm_input()?;
466:                self.confirm_input()?;
477:                self.confirm_input()?;
488:                self.confirm_input()?;
511:    fn spawn_session(&mut self, agent: Agent) -> Result<()> {
513:        self.spawn_with_agent(agent, name)
516:    fn spawn_with_agent(&mut self, agent: Agent, name: Option<String>) -> Result<()> {
597:    fn confirm_input(&mut self) -> Result<()> {
610:                    self.spawn_session(agent)?;
667:                    self.spawn_session(agent)?;
677:    fn start_rename(&mut self) {
695:    fn start_new_workspace(&mut self) {
905:                self.spawn_with_agent(agent, None)?;

=== Verify: Does session code call browse methods? ===
                    self.start_browse_dir();

=== Verify: Does browse code call config methods? ===
                    id: generate_id(),
                self.save_config();
                    id: generate_id(),
                self.save_config();
