    Checking amux v0.2.0 (/home/huanglin/code/agent-workspace-tui)
error: taken reference of right operand
   --> src/discovery.rs:170:39
    |
170 | ...                   .find(|p| cwd_str == &p.to_string_lossy().as_ref())
    |                                 ^^^^^^^^^^^-----------------------------
    |                                            |
    |                                            help: use the right value directly: `p.to_string_lossy().as_ref()`
    |
    = help: for further information visit https://rust-lang.github.io/rust-clippy/rust-1.94.0/index.html#op_ref
    = note: `-D clippy::op-ref` implied by `-D warnings`
    = help: to override `-D warnings` add `#[allow(clippy::op_ref)]`

error: this `if` statement can be collapsed
   --> src/discovery.rs:218:17
    |
218 | /                 if record.get("customType").and_then(|v| v.as_str()) == Some("gsd-run") {
219 | |                     if let Some(t) = record
220 | |                         .get("message")
221 | |                         .and_then(|v| v.as_str())
...   |
227 | |                 }
    | |_________________^
    |
    = help: for further information visit https://rust-lang.github.io/rust-clippy/rust-1.94.0/index.html#collapsible_if
    = note: `-D clippy::collapsible-if` implied by `-D warnings`
    = help: to override `-D warnings` add `#[allow(clippy::collapsible_if)]`
help: collapse nested if block
    |
218 ~                 if record.get("customType").and_then(|v| v.as_str()) == Some("gsd-run")
219 ~                     && let Some(t) = record
220 |                         .get("message")
...
225 |                         title = Some(truncated);
226 ~                     }
    |

error: could not compile `amux` (lib) due to 2 previous errors
