src/app/session.rs:43:                self.rebuild_tree();
src/app/session.rs:72:                self.rebuild_tree();
src/app/session.rs:114:                    self.rebuild_tree();
src/app/session.rs:142:                    self.rebuild_tree();
src/app/mod.rs:90:        app.rebuild_tree();
src/app/mod.rs:124:            self.rebuild_tree();
src/app/mod.rs:152:        self.rebuild_tree();
src/app/mod.rs:155:    fn rebuild_tree(&mut self) {
src/app/mod.rs:261:            self.rebuild_tree();
src/app/mod.rs:298:                self.rebuild_tree();
src/app/mod.rs:463:        app.rebuild_tree();
src/app/mod.rs:524:    // ─── rebuild_tree filter tests ───
src/app/mod.rs:538:        app.rebuild_tree();
src/app/mod.rs:572:        app.rebuild_tree();
src/app/mod.rs:592:        app.rebuild_tree();
src/app/mod.rs:618:        app.rebuild_tree();
src/app/mod.rs:623:        app.rebuild_tree();
src/app/mod.rs:644:        app.rebuild_tree();
src/app/handler.rs:229:                self.rebuild_tree();
src/app/handler.rs:238:                self.rebuild_tree();
src/app/handler.rs:244:                self.rebuild_tree();
src/app/browse.rs:101:                self.rebuild_tree();
src/app/browse.rs:116:                self.rebuild_tree();
