=== Project Structure ===
src/app.rs
src/config.rs
src/discovery.rs
src/main.rs
src/pty.rs
src/types.rs
src/util.rs

=== LOC per file ===
  1556 src/app.rs
   119 src/config.rs
   485 src/discovery.rs
   440 src/main.rs
   163 src/pty.rs
   235 src/types.rs
   142 src/util.rs
  3140 总计

=== Cargo.toml ===
[package]
name = "amux"
version = "0.2.0"
edition = "2024"

[dependencies]
anyhow = "1"
bytes = "1"
crossterm = "0.29"
portable-pty = "0.8"
ratatui = "0.30"
serde = { version = "1", features = ["derive"] }
serde_json = "1"
tui-term = "0.3.4"
vt100 = "0.16"

=== CI workflow ===
name: CI

on:
  push:
    branches: [main, master]
  pull_request:
    branches: [main, master]

env:
  CARGO_TERM_COLOR: always

jobs:
  check:
    name: Build & Test
    runs-on: ubuntu-latest
    steps:
      - uses: actions/checkout@v4

      - uses: dtolnay/rust-toolchain@stable
        with:
          components: clippy, rustfmt

      - uses: Swatinem/rust-cache@v2

      - name: Check formatting
        run: cargo fmt --all -- --check

      - name: Clippy
        run: cargo clippy -- -D warnings

      - name: Build
        run: cargo build --locked

      - name: Test
        run: cargo test --locked
