test discovery::tests::discover_gsd_sessions_finds_by_workspace ... ok
test discovery::tests::parse_gsd_session_empty_file ... ok
test discovery::tests::parse_codex_session_valid ... ok
test discovery::tests::parse_gsd_session_fallback_to_user_message ... ok
test discovery::tests::parse_gsd_session_gsd_run_takes_priority ... ok
test types::tests::config_roundtrip ... ok
test types::tests::agent_traits ... ok
test discovery::tests::parse_gsd_session_valid_with_gsd_run_title ... ok
test types::tests::gsd_sessions_persist_after_pty_exit ... ok
test util::tests::relative_time_formatting ... ok
test types::tests::workspace_serialization_virtual ... ok
test discovery::tests::parse_gsd_session_no_session_line ... ok
test types::tests::gsd_build_new_cmd_no_session_name ... ok
test types::tests::gsd_build_resume_cmd_uses_sessions ... ok
test discovery::tests::parse_gsd_session_title_truncated_to_50_chars ... ok

test result: ok. 45 passed; 0 failed; 0 ignored; 0 measured; 0 filtered out; finished in 0.00s

     Running unittests src/main.rs (target/debug/deps/amux-0050b0faacdb8e2e)

running 0 tests

test result: ok. 0 passed; 0 failed; 0 ignored; 0 measured; 0 filtered out; finished in 0.00s

   Doc-tests amux

running 0 tests

test result: ok. 0 passed; 0 failed; 0 ignored; 0 measured; 0 filtered out; finished in 0.00s

