warning: unused import: `env`
 --> src/app/mod.rs:2:5
  |
2 |     env, fs,
  |     ^^^
  |
  = note: `#[warn(unused_imports)]` (part of `#[warn(unused)]`) on by default

warning: unused imports: `KeyCode`, `KeyEvent`, and `KeyModifiers`
 --> src/app/mod.rs:8:31
  |
8 | use crossterm::event::{Event, KeyCode, KeyEvent, KeyEventKind, KeyModifiers};
  |                               ^^^^^^^  ^^^^^^^^                ^^^^^^^^^^^^

warning: unused imports: `Block`, `Borders`, `Clear`, `Color`, `Constraint`, `Direction`, `Frame`, `Layout`, `Line`, `ListItem`, `List`, `Modifier`, `Paragraph`, `Span`, `Style`, and `Wrap`
  --> src/app/mod.rs:10:5
   |
10 |     Frame,
   |     ^^^^^
11 |     layout::{Constraint, Direction, Layout, Rect},
   |              ^^^^^^^^^^  ^^^^^^^^^  ^^^^^^
12 |     style::{Color, Modifier, Style},
   |             ^^^^^  ^^^^^^^^  ^^^^^
13 |     text::{Line, Span},
   |            ^^^^  ^^^^
14 |     widgets::{Block, Borders, Clear, List, ListItem, ListState, Paragraph, Wrap},
   |               ^^^^^  ^^^^^^^  ^^^^^  ^^^^  ^^^^^^^^             ^^^^^^^^^  ^^^^

warning: unused import: `tui_term::widget::PseudoTerminal`
  --> src/app/mod.rs:16:5
   |
16 | use tui_term::widget::PseudoTerminal;
   |     ^^^^^^^^^^^^^^^^^^^^^^^^^^^^^^^^

warning: unused imports: `generate_id` and `save_session_title`
  --> src/app/mod.rs:19:15
   |
19 |     data_dir, generate_id, save_config_file, save_session_title, title_override_path,
   |               ^^^^^^^^^^^                    ^^^^^^^^^^^^^^^^^^

warning: unused import: `PtyHandle`
  --> src/app/mod.rs:22:18
   |
22 | use crate::pty::{PtyHandle, PtyState};
   |                  ^^^^^^^^^

warning: unused import: `ListState`
 --> src/app/ui.rs:6:54
  |
6 |     widgets::{Block, Borders, Clear, List, ListItem, ListState, Paragraph, Wrap},
  |                                                      ^^^^^^^^^

warning: unused import: `std::env`
 --> src/app/session.rs:1:5
  |
1 | use std::env;
  |     ^^^^^^^^

warning: unused imports: `data_dir`, `generate_id`, and `save_config_file`
 --> src/app/session.rs:5:21
  |
5 | use crate::config::{data_dir, generate_id, save_config_file, save_session_title};
  |                     ^^^^^^^^  ^^^^^^^^^^^  ^^^^^^^^^^^^^^^^

warning: unused import: `save_config_file`
 --> src/app/browse.rs:5:34
  |
5 | use crate::config::{generate_id, save_config_file};
  |                                  ^^^^^^^^^^^^^^^^

warning: `amux` (lib) generated 10 warnings (run `cargo fix --lib -p amux` to apply 10 suggestions)
    Finished `dev` profile [unoptimized + debuginfo] target(s) in 0.06s
