L51:     fn new() -> Self {
L98:     fn poll_states(&mut self) {
L131:     fn pty_display_state(&self, pi: usize) -> PtyState {
L139:     fn refresh_sessions(&mut self) {
L156:     fn rebuild_tree(&mut self) {
L189:     fn pty_index_for_session(&self, session_id: &str) -> Option<usize> {
L195:     fn selected_node(&self) -> Option<&TreeNode> {
L199:     fn move_sel(&mut self, delta: isize) {
L209:     fn toggle_expand(&mut self) {
L217:     fn handle_key(&mut self, key: KeyEvent) -> Result<Action> {
L392:     fn handle_input_key(&mut self, key: KeyEvent) -> Result<Action> {
L422:     fn handle_browse_key(&mut self, key: KeyEvent) -> Result<Action> {
L446:     fn handle_agent_key(&mut self, key: KeyEvent) -> Result<Action> {
L510:     fn spawn_session(&mut self, agent: Agent) -> Result<()> {
L515:     fn spawn_with_agent(&mut self, agent: Agent, name: Option<String>) -> Result<()> {
L584:     fn handle_paste(&mut self, text: &str) -> Result<Action> {
L596:     fn confirm_input(&mut self) -> Result<()> {
L676:     fn start_rename(&mut self) {
L694:     fn start_new_workspace(&mut self) {
L701:     fn start_browse_dir(&mut self) {
L709:     fn load_browse_entries(&mut self) {
L755:     fn browse_move(&mut self, delta: isize) {
L765:     fn browse_select(&mut self) {
L821:     fn browse_up(&mut self) {
L828:     fn delete_selected(&mut self) {
L868:     fn save_config(&self) {
L877:     fn workspace_cwd(&self, wi: usize) -> PathBuf {
L888:     fn ws_matches_path(&self, wi: usize, path: &Path) -> bool {
L895:     fn activate_selection(&mut self) -> Result<()> {
L915:     fn chat_size(&self) -> (u16, u16) {
L924:     fn render(&mut self, frame: &mut Frame) {
L947:     fn render_sidebar(&mut self, frame: &mut Frame, area: Rect) {
L1105:     fn render_chat(&mut self, frame: &mut Frame, area: Rect) {
L1166:     fn render_placeholder(&self) -> Vec<Line<'static>> {
L1277:     fn render_input_popup(&mut self, frame: &mut Frame, area: Rect) {
L1319:     fn render_agent_popup(&mut self, frame: &mut Frame, area: Rect) {
L1369:     fn render_browse_popup(&mut self, frame: &mut Frame, area: Rect) {
L1448:     fn render_status(&self, frame: &mut Frame, area: Rect) {
