=== All test functions ===
  encode_project_path_simple() {
  encode_project_path_root() {
  encode_project_path_relative() {
  config_roundtrip() {
  workspace_serialization_virtual() {
  clean_user_message_normal() {
  clean_user_message_escapes() {
  clean_user_message_noise_prefix() {
  clean_user_message_strips_whitespace() {
  extract_text_from_string_content() {
  extract_text_from_array_content() {
  extract_text_from_array_with_non_text() {
  extract_text_from_empty_array() {
  extract_text_from_number() {
  agent_traits() {
  relative_time_formatting() {
  generate_id_is_unique() {
  parse_codex_session_valid() {
  parse_codex_session_invalid_json() {
  parse_gsd_session_valid_with_gsd_run_title() {
  parse_gsd_session_fallback_to_user_message() {
  parse_gsd_session_gsd_run_takes_priority() {
  parse_gsd_session_no_session_line() {
  parse_gsd_session_title_truncated_to_50_chars() {
  gsd_directory_name_encoding() {
  encode_decode_gsd_dir_roundtrip() {
  decode_gsd_dir_name_simple() {
  decode_gsd_dir_name_root() {
  parse_gsd_session_empty_file() {
  discover_gsd_sessions_finds_by_workspace() {
  gsd_sessions_persist_after_pty_exit() {
  gsd_build_new_cmd_no_session_name() {
  gsd_build_resume_cmd_uses_sessions() {

=== Test imports ===
    use super::config::*;
    use super::discovery::*;
    use super::types::*;
    use super::util::*;

=== Which module owns each tested function ===
  encode_project_path → src/config.rs
  config_roundtrip → 
  workspace_serialization → 
  clean_user_message → src/discovery.rs
  extract_text_from_content → src/discovery.rs
  agent_traits → 
  relative_time → src/util.rs
  generate_id → src/config.rs
  parse_codex_session → src/discovery.rs
  parse_gsd_session → src/discovery.rs
