=== impl blocks ===
50:impl App {

=== pub fn / fn signatures ===
51:    fn new() -> Self {
98:    fn poll_states(&mut self) {
131:    fn pty_display_state(&self, pi: usize) -> PtyState {
139:    fn refresh_sessions(&mut self) {
156:    fn rebuild_tree(&mut self) {
189:    fn pty_index_for_session(&self, session_id: &str) -> Option<usize> {
195:    fn selected_node(&self) -> Option<&TreeNode> {
199:    fn move_sel(&mut self, delta: isize) {
209:    fn toggle_expand(&mut self) {
217:    fn handle_key(&mut self, key: KeyEvent) -> Result<Action> {
392:    fn handle_input_key(&mut self, key: KeyEvent) -> Result<Action> {
422:    fn handle_browse_key(&mut self, key: KeyEvent) -> Result<Action> {
446:    fn handle_agent_key(&mut self, key: KeyEvent) -> Result<Action> {
510:    fn spawn_session(&mut self, agent: Agent) -> Result<()> {
515:    fn spawn_with_agent(&mut self, agent: Agent, name: Option<String>) -> Result<()> {
584:    fn handle_paste(&mut self, text: &str) -> Result<Action> {
596:    fn confirm_input(&mut self) -> Result<()> {
676:    fn start_rename(&mut self) {
694:    fn start_new_workspace(&mut self) {
701:    fn start_browse_dir(&mut self) {
709:    fn load_browse_entries(&mut self) {
755:    fn browse_move(&mut self, delta: isize) {
765:    fn browse_select(&mut self) {
821:    fn browse_up(&mut self) {
828:    fn delete_selected(&mut self) {
868:    fn save_config(&self) {
877:    fn workspace_cwd(&self, wi: usize) -> PathBuf {
888:    fn ws_matches_path(&self, wi: usize, path: &Path) -> bool {
895:    fn activate_selection(&mut self) -> Result<()> {
915:    fn chat_size(&self) -> (u16, u16) {
924:    fn render(&mut self, frame: &mut Frame) {
947:    fn render_sidebar(&mut self, frame: &mut Frame, area: Rect) {
1105:    fn render_chat(&mut self, frame: &mut Frame, area: Rect) {
1166:    fn render_placeholder(&self) -> Vec<Line<'static>> {
1277:    fn render_input_popup(&mut self, frame: &mut Frame, area: Rect) {
1319:    fn render_agent_popup(&mut self, frame: &mut Frame, area: Rect) {
1369:    fn render_browse_popup(&mut self, frame: &mut Frame, area: Rect) {
1448:    fn render_status(&self, frame: &mut Frame, area: Rect) {
1491:pub fn run() -> anyhow::Result<()> {

=== use/import statements ===
1:use std::{
7:use anyhow::{Context, Result};
8:use crossterm::event::{Event, KeyCode, KeyEvent, KeyEventKind, KeyModifiers};
9:use ratatui::{
16:use tui_term::widget::PseudoTerminal;
18:use crate::config::{data_dir, generate_id, save_config_file, save_session_title, title_override_path};
19:use crate::discovery::{discover_sessions, find_session_jsonl};
20:use crate::pty::{PtyHandle, PtyState};
21:use crate::types::*;
22:use crate::util::*;

=== struct/enum definitions ===
24:struct App {

=== mod declarations ===
