=== All pub items (excluding tests) ===
1491:pub fn run() -> anyhow::Result<()> {
---
=== config.rs pub items ===
12:pub fn data_dir() -> PathBuf {
21:pub fn config_path() -> PathBuf {
25:pub fn ensure_data_dir() -> io::Result<()> {
37:pub fn load_config() -> Result<Config> {
49:pub fn save_config_file(config: &Config) -> Result<()> {
57:pub fn generate_id() -> String {
63:pub fn encode_project_path(path: &Path) -> String {
68:pub fn default_roots() -> Vec<PathBuf> {
80:pub fn title_override_path(session_id: &str) -> PathBuf {
84:pub fn legacy_title_override_path(workspace_path: &Path, session_id: &str) -> PathBuf {
91:pub fn save_session_title(session_id: &str, title: &str) -> io::Result<()> {
99:pub fn load_session_title(session_id: &str, workspace_path: Option<&Path>) -> Option<String> {
---
=== discovery.rs pub items ===
11:pub fn discover_workspaces_from_fs() -> Vec<Workspace> {
34:pub fn discover_sessions(workspaces: &[Workspace]) -> Vec<Session> {
43:pub fn find_session_jsonl(session: &Session) -> Option<PathBuf> {
199:pub fn parse_gsd_session(path: &Path) -> Option<(String, Option<String>, Option<String>)> {
407:pub fn parse_codex_session(path: &Path) -> Option<(String, Option<String>, String)> {
446:pub fn clean_user_message(text: &str) -> String {
465:pub fn extract_text_from_content(content: serde_json::Value) -> Option<String> {
---
=== pty.rs pub items ===
17:pub const IDLE_THRESHOLD_SECS: u64 = 3;
20:pub enum PtyState {
25:pub struct PtyHandle {
33:    pub fn state(&self) -> PtyState {
43:    pub fn spawn(
128:    pub fn write_input(&self, data: &[u8]) {
132:    pub fn resize(&self, size: (u16, u16)) {
138:    pub fn screen(&self) -> Arc<RwLock<vt100::Parser>> {
142:    pub fn is_alive(&self) -> bool {
146:    pub fn scrollback_offset(&self) -> usize {
150:    pub fn scroll_page_up(&self, page_size: usize) {
155:    pub fn scroll_page_down(&self, page_size: usize) {
160:    pub fn reset_scroll(&self) {
---
=== util.rs pub items ===
21:pub const SELECT_CURRENT: &str = "\u{2713} Select this directory";
22:pub const SELECT_VIRTUAL: &str = "\u{25cb} Virtual (no directory)";
23:pub const PARENT_DIR: &str = "..";
25:pub fn now_secs() -> u64 {
32:pub fn relative_time(secs: u64) -> String {
42:pub fn which(cmd: &str) -> Option<PathBuf> {
51:pub fn detect_agents() -> Vec<Agent> {
65:pub fn key_to_bytes(key: &KeyEvent) -> Vec<u8> {
111:pub fn centered_rect(percent_x: u16, percent_y: u16, area: Rect) -> Rect {
130:pub fn init_terminal() -> Result<Terminal<CrosstermBackend<io::Stdout>>> {
137:pub fn restore_terminal(terminal: &mut Terminal<CrosstermBackend<io::Stdout>>) -> Result<()> {
