    Checking mio v1.2.0
    Checking serial-core v0.4.0
    Checking ioctl-rs v0.1.6
    Checking termios v0.2.2
    Checking nix v0.25.1
    Checking signal-hook-registry v1.4.8
    Checking serial-unix v0.4.0
    Checking parking_lot v0.12.5
    Checking serial v0.4.0
    Checking signal-hook-mio v0.2.5
   Compiling darling_core v0.23.0
   Compiling thiserror-impl v2.0.18
   Compiling strum_macros v0.27.2
   Compiling derive_more-impl v2.1.1
   Compiling thiserror-impl v1.0.69
   Compiling serde_derive v1.0.228
    Checking derive_more v2.1.1
    Checking crossterm v0.29.0
    Checking filedescriptor v0.8.3
    Checking kasuari v0.4.12
    Checking portable-pty v0.8.1
    Checking strum v0.27.2
   Compiling darling_macro v0.23.0
    Checking ratatui-core v0.1.0
   Compiling darling v0.23.0
    Checking ratatui-widgets v0.3.0
    Checking ratatui-crossterm v0.1.0
    Checking ratatui-macros v0.7.0
    Checking tui-term v0.3.4
    Checking ratatui v0.30.0
    Checking amux v0.2.0 (/home/huanglin/.gsd/projects/c369b600c4a1/worktrees/M001)
error: expected item, found `(`
   --> src/discovery.rs:256:2
    |
256 | }(root: &Path, session_id: &str) -> Option<PathBuf> {
    |  ^ expected item
    |
    = note: for a full list of items that can appear in modules, see <https://doc.rust-lang.org/reference/items.html>

error: could not compile `amux` (bin "amux") due to 1 previous error
