warning: unused import: `env`
 --> src/app/mod.rs:2:5
  |
--
warning: unused imports: `KeyCode`, `KeyEvent`, and `KeyModifiers`
 --> src/app/mod.rs:8:31
  |
--
warning: unused imports: `Block`, `Borders`, `Clear`, `Color`, `Constraint`, `Direction`, `Frame`, `Layout`, `Line`, `ListItem`, `List`, `Modifier`, `Paragraph`, `Span`, `Style`, and `Wrap`
  --> src/app/mod.rs:10:5
   |
--
warning: unused import: `tui_term::widget::PseudoTerminal`
  --> src/app/mod.rs:16:5
   |
--
warning: unused imports: `generate_id` and `save_session_title`
  --> src/app/mod.rs:19:15
   |
--
warning: unused import: `PtyHandle`
  --> src/app/mod.rs:22:18
   |
--
warning: unused import: `ListState`
 --> src/app/ui.rs:6:54
  |
--
warning: unused import: `std::env`
 --> src/app/session.rs:1:5
  |
--
warning: unused imports: `data_dir`, `generate_id`, and `save_config_file`
 --> src/app/session.rs:5:21
  |
--
warning: unused import: `save_config_file`
 --> src/app/browse.rs:5:34
  |
