=== Test function names and their dependencies ===
    fn encode_project_path_simple() {
    fn encode_project_path_root() {
    fn encode_project_path_relative() {
    fn config_roundtrip() {
    fn workspace_serialization_virtual() {
    fn clean_user_message_normal() {
    fn clean_user_message_escapes() {
    fn clean_user_message_noise_prefix() {
    fn clean_user_message_strips_whitespace() {
    fn extract_text_from_string_content() {
    fn extract_text_from_array_content() {
    fn extract_text_from_array_with_non_text() {
    fn extract_text_from_empty_array() {
    fn extract_text_from_number() {
    fn agent_traits() {
    fn relative_time_formatting() {
    fn generate_id_is_unique() {
    fn parse_codex_session_valid() {
    fn parse_codex_session_invalid_json() {
    fn parse_gsd_session_valid_with_gsd_run_title() {
    fn parse_gsd_session_fallback_to_user_message() {
    fn parse_gsd_session_gsd_run_takes_priority() {
    fn parse_gsd_session_no_session_line() {
    fn parse_gsd_session_title_truncated_to_50_chars() {
    fn gsd_directory_name_encoding() {
    fn encode_decode_gsd_dir_roundtrip() {
    fn decode_gsd_dir_name_simple() {
    fn decode_gsd_dir_name_root() {
    fn parse_gsd_session_empty_file() {
    fn discover_gsd_sessions_finds_by_workspace() {
    fn gsd_sessions_persist_after_pty_exit() {
    fn gsd_build_new_cmd_no_session_name() {
    fn gsd_build_resume_cmd_uses_sessions() {
