=== Root-level JSONL files ===

=== Workspace-dir JSONL files ===
Dir: --home-huanglin-code-agent-workspace-tui--  File: 2026-06-02T09-28-33-534Z_019e87a9-cffe-7d09-b57d-a8169d02794a.jsonl
{"type":"session","version":3,"id":"019e87a9-cffe-7d09-b57d-a8169d02794a","timestamp":"2026-06-02T09:28:33.534Z","cwd":"/home/huanglin/code/agent-workspace-tui"}

Dir: --home-huanglin-code-agent-workspace-tui--  File: 2026-06-02T09-48-21-234Z_019e87bb-ef72-7eb1-a869-e37147b39f9c.jsonl
{"type":"session","version":3,"id":"019e87bb-ef72-7eb1-a869-e37147b39f9c","timestamp":"2026-06-02T09:48:21.234Z","cwd":"/home/huanglin/code/agent-workspace-tui"}

Dir: --home-huanglin-code-gsd-provider--  File: 2026-06-02T05-51-34-878Z_019e86e3-29de-737c-8641-68392f37c6b4.jsonl
{"type":"session","version":3,"id":"019e86e3-29de-737c-8641-68392f37c6b4","timestamp":"2026-06-02T05:51:34.878Z","cwd":"/home/huanglin/code/gsd-provider"}

Dir: --home-huanglin-code-gsd-provider--  File: 2026-06-02T05-52-11-487Z_019e86e3-b8df-7b21-821d-0032dfcdad72.jsonl
{"type":"session","version":3,"id":"019e86e3-b8df-7b21-821d-0032dfcdad72","timestamp":"2026-06-02T05:52:11.487Z","cwd":"/home/huanglin/code/gsd-provider"}

Dir: --home-huanglin-code-gsd-provider--  File: 2026-06-02T05-53-05-837Z_019e86e4-8d2d-797d-9086-55f478fed16b.jsonl
{"type":"session","version":3,"id":"019e86e4-8d2d-797d-9086-55f478fed16b","timestamp":"2026-06-02T05:53:05.837Z","cwd":"/home/huanglin/code/gsd-provider"}

Dir: --home-huanglin-code-gsd-provider--  File: 2026-06-02T05-55-55-496Z_019e86e7-23e8-75c3-9f72-b8ceefd939b8.jsonl
{"type":"session","version":3,"id":"019e86e7-23e8-75c3-9f72-b8ceefd939b8","timestamp":"2026-06-02T05:55:55.496Z","cwd":"/home/huanglin/code/gsd-provider"}

Dir: --home-huanglin-code-gsd-provider--  File: 2026-06-02T05-56-49-133Z_019e86e7-f56d-718a-8ce1-09220cebdc32.jsonl
{"type":"session","version":3,"id":"019e86e7-f56d-718a-8ce1-09220cebdc32","timestamp":"2026-06-02T05:56:49.133Z","cwd":"/home/huanglin/code/gsd-provider"}

Dir: --home-huanglin-code-gsd-provider--  File: 2026-06-02T06-01-54-834Z_019e86ec-9f92-73eb-ac04-b0c9b37efe49.jsonl
{"type":"session","version":3,"id":"019e86ec-9f92-73eb-ac04-b0c9b37efe49","timestamp":"2026-06-02T06:01:54.834Z","cwd":"/home/huanglin/code/gsd-provider"}

Dir: --home-huanglin-code-gsd-provider--  File: 2026-06-02T06-07-31-953Z_019e86f1-c471-7994-aeb0-63c875f40940.jsonl
{"type":"session","version":3,"id":"019e86f1-c471-7994-aeb0-63c875f40940","timestamp":"2026-06-02T06:07:31.953Z","cwd":"/home/huanglin/code/gsd-provider"}

Dir: --home-huanglin-code-gsd-provider--  File: 2026-06-02T06-09-47-552Z_019e86f3-d620-7435-8c6c-c3620b9e2ce6.jsonl
{"type":"session","version":3,"id":"019e86f3-d620-7435-8c6c-c3620b9e2ce6","timestamp":"2026-06-02T06:09:47.552Z","cwd":"/home/huanglin/code/gsd-provider"}

Dir: --home-huanglin-code-gsd-search-zhipu--  File: 2026-06-02T06-17-29-469Z_019e86fa-e27d-7588-bbfc-493b8618fb77.jsonl
{"type":"session","version":3,"id":"019e86fa-e27d-7588-bbfc-493b8618fb77","timestamp":"2026-06-02T06:17:29.469Z","cwd":"/home/huanglin/code/gsd-search-zhipu"}

Dir: --home-huanglin-code-gsd-search-zhipu--  File: 2026-06-02T06-18-06-828Z_019e86fb-746c-70ed-a45e-e98951beef00.jsonl
{"type":"session","version":3,"id":"019e86fb-746c-70ed-a45e-e98951beef00","timestamp":"2026-06-02T06:18:06.828Z","cwd":"/home/huanglin/code/gsd-search-zhipu"}

Dir: --home-huanglin-code-gsd-search-zhipu--  File: 2026-06-02T06-19-39-350Z_019e86fc-ddd6-7299-860a-1e0487e7918c.jsonl
{"type":"session","version":3,"id":"019e86fc-ddd6-7299-860a-1e0487e7918c","timestamp":"2026-06-02T06:19:39.350Z","cwd":"/home/huanglin/code/gsd-search-zhipu"}

Dir: --home-huanglin-code-gsd-search-zhipu--  File: 2026-06-02T06-21-15-933Z_019e86fe-571d-736f-a2b4-2e0121990201.jsonl
