src/config.rs:12:pub fn data_dir() -> PathBuf {
src/config.rs:21:pub fn config_path() -> PathBuf {
src/config.rs:25:pub fn ensure_data_dir() -> io::Result<()> {
src/config.rs:37:pub fn load_config() -> Result<Config> {
src/config.rs:49:pub fn save_config_file(config: &Config) -> Result<()> {
src/config.rs:57:pub fn generate_id() -> String {
src/config.rs:63:pub fn encode_project_path(path: &Path) -> String {
src/config.rs:68:pub fn default_roots() -> Vec<PathBuf> {
src/config.rs:80:pub fn title_override_path(session_id: &str) -> PathBuf {
src/config.rs:86:pub fn legacy_title_override_path(workspace_path: &Path, session_id: &str) -> PathBuf {
src/config.rs:93:pub fn save_session_title(session_id: &str, title: &str) -> io::Result<()> {
src/config.rs:101:pub fn load_session_title(session_id: &str, workspace_path: Option<&Path>) -> Option<String> {
src/discovery.rs:11:pub fn discover_workspaces_from_fs() -> Vec<Workspace> {
src/discovery.rs:34:pub fn discover_sessions(workspaces: &[Workspace]) -> Vec<Session> {
src/discovery.rs:43:pub fn find_session_jsonl(session: &Session) -> Option<PathBuf> {
src/discovery.rs:199:pub fn parse_gsd_session(path: &Path) -> Option<(String, Option<String>, Option<String>)> {
src/discovery.rs:407:pub fn parse_codex_session(path: &Path) -> Option<(String, Option<String>, String)> {
src/discovery.rs:446:pub fn clean_user_message(text: &str) -> String {
src/discovery.rs:465:pub fn extract_text_from_content(content: serde_json::Value) -> Option<String> {
src/types.rs:7:pub enum Agent {
src/types.rs:158:pub struct Workspace {
src/types.rs:168:pub struct Config {
src/types.rs:173:pub struct Session {
src/types.rs:182:pub enum TreeNode {
src/types.rs:188:pub struct PtySlot {
src/types.rs:194:pub struct RunningInfo {
src/types.rs:204:pub enum Focus {
src/types.rs:210:pub enum InputMode {
src/types.rs:221:pub struct DirEntry {
src/types.rs:227:pub enum Action {
src/types.rs:233:pub struct ClaudeRecord {
src/types.rs:240:pub struct ClaudeMessage {
src/util.rs:21:pub const SELECT_CURRENT: &str = "\u{2713} Select this directory";
src/util.rs:22:pub const SELECT_VIRTUAL: &str = "\u{25cb} Virtual (no directory)";
src/util.rs:23:pub const PARENT_DIR: &str = "..";
src/util.rs:25:pub fn now_secs() -> u64 {
src/util.rs:32:pub fn relative_time(secs: u64) -> String {
src/util.rs:42:pub fn which(cmd: &str) -> Option<PathBuf> {
src/util.rs:51:pub fn detect_agents() -> Vec<Agent> {
src/util.rs:65:pub fn key_to_bytes(key: &KeyEvent) -> Vec<u8> {
src/util.rs:111:pub fn centered_rect(percent_x: u16, percent_y: u16, area: Rect) -> Rect {
src/util.rs:130:pub fn init_terminal() -> Result<Terminal<CrosstermBackend<io::Stdout>>> {
src/util.rs:137:pub fn restore_terminal(terminal: &mut Terminal<CrosstermBackend<io::Stdout>>) -> Result<()> {
